0 verbose cli /home/larisaisaykina/.nvm/versions/node/v18.11.0/bin/node /home/larisaisaykina/.nvm/versions/node/v18.11.0/bin/npm
1 info using npm@8.19.2
2 info using node@v18.11.0
3 timing npm:load:whichnode Completed in 0ms
4 timing config:load:defaults Completed in 2ms
5 timing config:load:file:/home/larisaisaykina/.nvm/versions/node/v18.11.0/lib/node_modules/npm/npmrc Completed in 3ms
6 timing config:load:builtin Completed in 4ms
7 timing config:load:cli Completed in 2ms
8 timing config:load:env Completed in 0ms
9 timing config:load:file:/mnt/c/users/isayk/frontend-project-12/frontend/.npmrc Completed in 6ms
10 timing config:load:project Completed in 48ms
11 timing config:load:file:/home/larisaisaykina/.npmrc Completed in 1ms
12 timing config:load:user Completed in 1ms
13 timing config:load:file:/home/larisaisaykina/.nvm/versions/node/v18.11.0/etc/npmrc Completed in 0ms
14 timing config:load:global Completed in 0ms
15 timing config:load:validate Completed in 1ms
16 timing config:load:credentials Completed in 1ms
17 timing config:load:setEnvs Completed in 1ms
18 timing config:load Completed in 61ms
19 timing npm:load:configload Completed in 62ms
20 timing npm:load:mkdirpcache Completed in 7ms
21 timing npm:load:mkdirplogs Completed in 7ms
22 verbose title npm start
23 verbose argv "start"
24 timing npm:load:setTitle Completed in 1ms
25 timing config:load:flatten Completed in 4ms
26 timing npm:load:display Completed in 6ms
27 verbose logfile logs-max:10 dir:/mnt/c/users/isayk/frontend-project-12/frontend/npm-cache/_logs
28 verbose logfile /mnt/c/users/isayk/frontend-project-12/frontend/npm-cache/_logs/2023-03-29T02_11_01_224Z-debug-0.log
29 timing npm:load:logFile Completed in 23ms
30 timing npm:load:timers Completed in 0ms
31 timing npm:load:configScope Completed in 1ms
32 timing npm:load Completed in 109ms
33 silly logfile done cleaning log files
34 http fetch GET 200 https://registry.npmjs.org/npm 513ms (cache miss)
35 http fetch GET 200 https://registry.npmjs.org/npm 559ms (cache miss)
